<?xml version="1.0" encoding="UTF-8"?>
<!-- Generated by org.testng.reporters.JUnitXMLReporter -->
<testsuite hostname="HIBAML50667" failures="0" tests="6" name="Regression suite 1" time="0.125" errors="0" timestamp="13 Mar 2018 08:43:25 GMT">
  <testcase classname="com.first.example.demoOne" name="firstTestCase" time="0.032"/>
  <testcase classname="com.first.example.demoOne" name="secondTestCase" time="0.015"/>
  <testcase classname="com.first.example.demoTwo" name="firstTestCase" time="0.0"/>
  <testcase classname="com.first.example.demoTwo" name="secondTestCase" time="0.016"/>
  <testcase classname="com.first.example.demoThree" name="firstTestCase" time="0.015"/>
  <testcase classname="com.first.example.demoThree" name="secondTestCase" time="0.0"/>
</testsuite> <!-- Regression suite 1 -->
