<?xml version="1.0" encoding="UTF-8"?>
<!-- Generated by org.testng.reporters.JUnitXMLReporter -->
<testsuite hostname="HIBAML50667" failures="0" tests="4" name="Regression suite 2" time="0.015" errors="0" timestamp="13 Mar 2018 08:43:25 GMT">
  <testcase classname="com.first.example.demoOne" name="firstTestCase" time="0.0"/>
  <testcase classname="com.first.example.demoOne" name="secondTestCase" time="0.0"/>
  <testcase classname="com.first.example.demoThree" name="firstTestCase" time="0.0"/>
  <testcase classname="com.first.example.demoThree" name="secondTestCase" time="0.0"/>
</testsuite> <!-- Regression suite 2 -->
