<?xml version="1.0" encoding="UTF-8"?>
<testng-results total="1" passed="1" failed="0" skipped="0">
  <reporter-output>
  </reporter-output>
  <suite started-at="2018-03-14T10:04:42Z" name="Default suite" finished-at="2018-03-14T10:05:08Z" duration-ms="25826">
    <groups>
    </groups>
    <test started-at="2018-03-14T10:04:42Z" name="Default test" finished-at="2018-03-14T10:05:08Z" duration-ms="25826">
      <class name="Testcases.SignUpPageTestCases">
        <test-method is-config="true" signature="before()[pri:0, instance:Testcases.SignUpPageTestCases@66d18979]" started-at="2018-03-14T15:34:42Z" name="before" finished-at="2018-03-14T15:35:03Z" duration-ms="20903" status="PASS">
          <reporter-output>
          </reporter-output>
        </test-method> <!-- before -->
        <test-method signature="VerifyValidSignUp()[pri:0, instance:Testcases.SignUpPageTestCases@66d18979]" started-at="2018-03-14T15:35:03Z" name="VerifyValidSignUp" finished-at="2018-03-14T15:35:06Z" duration-ms="3368" status="PASS">
          <reporter-output>
          </reporter-output>
        </test-method> <!-- VerifyValidSignUp -->
        <test-method is-config="true" signature="after()[pri:0, instance:Testcases.SignUpPageTestCases@66d18979]" started-at="2018-03-14T15:35:06Z" name="after" finished-at="2018-03-14T15:35:08Z" duration-ms="1528" status="PASS">
          <reporter-output>
          </reporter-output>
        </test-method> <!-- after -->
      </class> <!-- Testcases.SignUpPageTestCases -->
    </test> <!-- Default test -->
  </suite> <!-- Default suite -->
</testng-results>
