<?xml version="1.0" encoding="UTF-8"?>
<testng-results total="6" passed="6" failed="0" skipped="0">
  <reporter-output>
  </reporter-output>
  <suite started-at="2018-03-13T09:38:41Z" name="facebook testing cycle" finished-at="2018-03-13T09:38:41Z" duration-ms="136">
    <groups>
    </groups>
    <test started-at="2018-03-13T09:38:41Z" name="Regression 1" finished-at="2018-03-13T09:38:41Z" duration-ms="59">
      <class name="com.facebook.login.classOne">
        <test-method signature="one()[pri:0, instance:com.facebook.login.classOne@7817fd62]" started-at="2018-03-13T15:08:41Z" name="one" finished-at="2018-03-13T15:08:41Z" duration-ms="13" status="PASS">
          <reporter-output>
          </reporter-output>
        </test-method> <!-- one -->
        <test-method signature="two()[pri:0, instance:com.facebook.login.classOne@7817fd62]" started-at="2018-03-13T15:08:41Z" name="two" finished-at="2018-03-13T15:08:41Z" duration-ms="4" status="PASS">
          <reporter-output>
          </reporter-output>
        </test-method> <!-- two -->
      </class> <!-- com.facebook.login.classOne -->
      <class name="com.facebook.login.classTwo">
        <test-method signature="one()[pri:0, instance:com.facebook.login.classTwo@4c178a76]" started-at="2018-03-13T15:08:41Z" name="one" finished-at="2018-03-13T15:08:41Z" duration-ms="6" status="PASS">
          <reporter-output>
          </reporter-output>
        </test-method> <!-- one -->
        <test-method signature="two()[pri:0, instance:com.facebook.login.classTwo@4c178a76]" started-at="2018-03-13T15:08:41Z" name="two" finished-at="2018-03-13T15:08:41Z" duration-ms="4" status="PASS">
          <reporter-output>
          </reporter-output>
        </test-method> <!-- two -->
      </class> <!-- com.facebook.login.classTwo -->
    </test> <!-- Regression 1 -->
    <test started-at="2018-03-13T09:38:41Z" name="Regression 2" finished-at="2018-03-13T09:38:41Z" duration-ms="8">
      <class name="com.facebook.login.classTwo">
        <test-method signature="one()[pri:0, instance:com.facebook.login.classTwo@66d18979]" started-at="2018-03-13T15:08:41Z" name="one" finished-at="2018-03-13T15:08:41Z" duration-ms="2" status="PASS">
          <reporter-output>
          </reporter-output>
        </test-method> <!-- one -->
        <test-method signature="two()[pri:0, instance:com.facebook.login.classTwo@66d18979]" started-at="2018-03-13T15:08:41Z" name="two" finished-at="2018-03-13T15:08:41Z" duration-ms="2" status="PASS">
          <reporter-output>
          </reporter-output>
        </test-method> <!-- two -->
      </class> <!-- com.facebook.login.classTwo -->
    </test> <!-- Regression 2 -->
  </suite> <!-- facebook testing cycle -->
</testng-results>
