<?xml version="1.0" encoding="UTF-8"?>
<testng-results total="1" passed="1" failed="0" skipped="0">
  <reporter-output>
  </reporter-output>
  <suite started-at="2018-03-13T09:08:29Z" name="Default suite" finished-at="2018-03-13T09:08:29Z" duration-ms="21">
    <groups>
    </groups>
    <test started-at="2018-03-13T09:08:29Z" name="Default test" finished-at="2018-03-13T09:08:29Z" duration-ms="21">
      <class name="CodeRedundencyTest">
        <test-method is-config="true" signature="beforeSuite()[pri:0, instance:CodeRedundencyTest@3c3d9b6b]" started-at="2018-03-13T14:38:29Z" name="beforeSuite" finished-at="2018-03-13T14:38:29Z" duration-ms="8" status="PASS">
          <reporter-output>
          </reporter-output>
        </test-method> <!-- beforeSuite -->
        <test-method is-config="true" signature="beforeTest()[pri:0, instance:CodeRedundencyTest@3c3d9b6b]" started-at="2018-03-13T14:38:29Z" name="beforeTest" finished-at="2018-03-13T14:38:29Z" duration-ms="1" status="PASS">
          <reporter-output>
          </reporter-output>
        </test-method> <!-- beforeTest -->
        <test-method is-config="true" signature="beforeClass()[pri:0, instance:CodeRedundencyTest@3c3d9b6b]" started-at="2018-03-13T14:38:29Z" name="beforeClass" finished-at="2018-03-13T14:38:29Z" duration-ms="0" status="PASS">
          <reporter-output>
          </reporter-output>
        </test-method> <!-- beforeClass -->
        <test-method is-config="true" signature="beforeMethod()[pri:0, instance:CodeRedundencyTest@3c3d9b6b]" started-at="2018-03-13T14:38:29Z" name="beforeMethod" finished-at="2018-03-13T14:38:29Z" duration-ms="0" status="PASS">
          <reporter-output>
          </reporter-output>
        </test-method> <!-- beforeMethod -->
        <test-method signature="f2()[pri:0, instance:CodeRedundencyTest@3c3d9b6b]" started-at="2018-03-13T14:38:29Z" name="f2" finished-at="2018-03-13T14:38:29Z" duration-ms="4" status="PASS">
          <reporter-output>
          </reporter-output>
        </test-method> <!-- f2 -->
        <test-method is-config="true" signature="afterMethod()[pri:0, instance:CodeRedundencyTest@3c3d9b6b]" started-at="2018-03-13T14:38:29Z" name="afterMethod" finished-at="2018-03-13T14:38:29Z" duration-ms="0" status="PASS">
          <reporter-output>
          </reporter-output>
        </test-method> <!-- afterMethod -->
        <test-method is-config="true" signature="afterClass()[pri:0, instance:CodeRedundencyTest@3c3d9b6b]" started-at="2018-03-13T14:38:29Z" name="afterClass" finished-at="2018-03-13T14:38:29Z" duration-ms="1" status="PASS">
          <reporter-output>
          </reporter-output>
        </test-method> <!-- afterClass -->
        <test-method is-config="true" signature="afterTest()[pri:0, instance:CodeRedundencyTest@3c3d9b6b]" started-at="2018-03-13T14:38:29Z" name="afterTest" finished-at="2018-03-13T14:38:29Z" duration-ms="1" status="PASS">
          <reporter-output>
          </reporter-output>
        </test-method> <!-- afterTest -->
        <test-method is-config="true" signature="afterSuite()[pri:0, instance:CodeRedundencyTest@3c3d9b6b]" started-at="2018-03-13T14:38:29Z" name="afterSuite" finished-at="2018-03-13T14:38:29Z" duration-ms="1" status="PASS">
          <reporter-output>
          </reporter-output>
        </test-method> <!-- afterSuite -->
      </class> <!-- CodeRedundencyTest -->
    </test> <!-- Default test -->
  </suite> <!-- Default suite -->
</testng-results>
