<?xml version="1.0" encoding="UTF-8"?>
<!-- Generated by org.testng.reporters.JUnitXMLReporter -->
<testsuite hostname="HIBAML50667" failures="0" tests="3" name="Default test" time="39.955" errors="0" timestamp="13 Mar 2018 09:53:33 GMT">
  <testcase classname="com.facebook.login.loginfb" name="login" time="16.673"/>
  <testcase classname="com.facebook.login.loginfb" name="login" time="11.593"/>
  <testcase classname="com.facebook.login.loginfb" name="login" time="11.666"/>
</testsuite> <!-- Default test -->
