<?xml version="1.0" encoding="UTF-8"?>
<!-- Generated by org.testng.reporters.JUnitXMLReporter -->
<testsuite hostname="HIBAML50667" failures="0" tests="4" name="Regression 1" time="0.059" errors="0" timestamp="13 Mar 2018 09:38:41 GMT">
  <testcase classname="com.facebook.login.classOne" name="one" time="0.013"/>
  <testcase classname="com.facebook.login.classOne" name="two" time="0.004"/>
  <testcase classname="com.facebook.login.classTwo" name="one" time="0.006"/>
  <testcase classname="com.facebook.login.classTwo" name="two" time="0.004"/>
</testsuite> <!-- Regression 1 -->
